Using pre-set license
Built from 'trunk' branch; Version is '6000.0.19f1 (302b264628f9) revision 3156774'; Using compiler version '193933523'; Build Type 'Release'
OS: 'Windows 11  (10.0.22000) 64bit Core' Language: 'en' Physical Memory: 14188 MB
BatchMode: 1, IsHumanControllingUs: 0, StartBugReporterOnCrash: 0, Is64bit: 1, IsPro: 1

COMMAND LINE ARGUMENTS:
C:\Program Files\Unity\Hub\Editor\6000.0.19f1\Editor\Unity.exe
-adb2
-batchMode
-noUpm
-name
AssetImportWorker4
-projectPath
C:/Users/Nicole/Documents/GitHub/SyntacticVFXSystem/MagicVFXSandbox
-logFile
Logs/AssetImportWorker4.log
-srvPort
54032
-job-worker-count
7
-background-job-worker-count
8
-asset-garbage-collectors
1
Successfully changed project path to: C:/Users/Nicole/Documents/GitHub/SyntacticVFXSystem/MagicVFXSandbox
C:/Users/Nicole/Documents/GitHub/SyntacticVFXSystem/MagicVFXSandbox
[UnityMemory] Configuration Parameters - Can be set up in boot.config
    "memorysetup-bucket-allocator-granularity=16"
    "memorysetup-bucket-allocator-bucket-count=8"
    "memorysetup-bucket-allocator-block-size=33554432"
    "memorysetup-bucket-allocator-block-count=8"
    "memorysetup-main-allocator-block-size=16777216"
    "memorysetup-thread-allocator-block-size=16777216"
    "memorysetup-gfx-main-allocator-block-size=16777216"
    "memorysetup-gfx-thread-allocator-block-size=16777216"
    "memorysetup-cache-allocator-block-size=4194304"
    "memorysetup-typetree-allocator-block-size=2097152"
    "memorysetup-profiler-bucket-allocator-granularity=16"
    "memorysetup-profiler-bucket-allocator-bucket-count=8"
    "memorysetup-profiler-bucket-allocator-block-size=33554432"
    "memorysetup-profiler-bucket-allocator-block-count=8"
    "memorysetup-profiler-allocator-block-size=16777216"
    "memorysetup-profiler-editor-allocator-block-size=1048576"
    "memorysetup-temp-allocator-size-main=16777216"
    "memorysetup-job-temp-allocator-block-size=2097152"
    "memorysetup-job-temp-allocator-block-size-background=1048576"
    "memorysetup-job-temp-allocator-reduction-small-platforms=262144"
    "memorysetup-allocator-temp-initial-block-size-main=262144"
    "memorysetup-allocator-temp-initial-block-size-worker=262144"
    "memorysetup-temp-allocator-size-background-worker=32768"
    "memorysetup-temp-allocator-size-job-worker=262144"
    "memorysetup-temp-allocator-size-preload-manager=33554432"
    "memorysetup-temp-allocator-size-nav-mesh-worker=65536"
    "memorysetup-temp-allocator-size-audio-worker=65536"
    "memorysetup-temp-allocator-size-cloud-worker=32768"
    "memorysetup-temp-allocator-size-gi-baking-worker=262144"
    "memorysetup-temp-allocator-size-gi-baking-worker=262144"
    "memorysetup-temp-allocator-size-gi-baking-worker=262144"
    "memorysetup-temp-allocator-size-gi-baking-worker=262144"
    "memorysetup-temp-allocator-size-gi-baking-worker=262144"
    "memorysetup-temp-allocator-size-gfx=262144"
Player connection [33056]  Target information:

Player connection [33056]  * "[IP] 169.254.83.107 [Port] 0 [Flags] 2 [Guid] 856903681 [EditorId] 856903681 [Version] 1048832 [Id] WindowsEditor(7,LAPTOP-QE6QBF5L) [Debug] 1 [PackageName] WindowsEditor [ProjectName] Editor" 

Player connection [33056]  * "[IP] 192.168.4.51 [Port] 0 [Flags] 2 [Guid] 856903681 [EditorId] 856903681 [Version] 1048832 [Id] WindowsEditor(7,LAPTOP-QE6QBF5L) [Debug] 1 [PackageName] WindowsEditor [ProjectName] Editor" 

Player connection [33056] Host joined multi-casting on [225.0.0.222:54997]...
Player connection [33056] Host joined alternative multi-casting on [225.0.0.222:34997]...
JobSystem: Creating JobQueue using job-worker-count value 7
Library Redirect Path: Library/
[PhysX] Initialized MultithreadedTaskDispatcher with 8 workers.
Refreshing native plugins compatible for Editor in 1.44 ms, found 3 plugins.
Preloading 0 native plugins for Editor in 0.00 ms.
Initialize engine version: 6000.0.19f1 (302b264628f9)
[Subsystems] Discovering subsystems at path C:/Program Files/Unity/Hub/Editor/6000.0.19f1/Editor/Data/Resources/UnitySubsystems
[Subsystems] Discovering subsystems at path C:/Users/Nicole/Documents/GitHub/SyntacticVFXSystem/MagicVFXSandbox/Assets
GfxDevice: creating device client; kGfxThreadingModeNonThreaded
Direct3D:
    Version:  Direct3D 11.0 [level 11.1]
    Renderer: NVIDIA GeForce RTX 3070 Laptop GPU (ID=0x24dd)
    Vendor:   NVIDIA
    VRAM:     8020 MB
    Driver:   32.0.15.7602
Initialize mono
Mono path[0] = 'C:/Program Files/Unity/Hub/Editor/6000.0.19f1/Editor/Data/Managed'
Mono path[1] = 'C:/Program Files/Unity/Hub/Editor/6000.0.19f1/Editor/Data/MonoBleedingEdge/lib/mono/unityjit-win32'
Mono config path = 'C:/Program Files/Unity/Hub/Editor/6000.0.19f1/Editor/Data/MonoBleedingEdge/etc'
Using monoOptions --debugger-agent=transport=dt_socket,embedding=1,server=y,suspend=n,address=127.0.0.1:56408
Begin MonoManager ReloadAssembly
Registering precompiled unity dll's ...
Register platform support module: C:/Program Files/Unity/Hub/Editor/6000.0.19f1/Editor/Data/PlaybackEngines/WindowsStandaloneSupport/UnityEditor.WindowsStandalone.Extensions.dll
Registered in 0.003557 seconds.
- Loaded All Assemblies, in  0.349 seconds
Native extension for WindowsStandalone target not found
Mono: successfully reloaded assembly
- Finished resetting the current domain, in  0.330 seconds
Domain Reload Profiling: 678ms
	BeginReloadAssembly (123ms)
		ExecutionOrderSort (0ms)
		DisableScriptedObjects (0ms)
		BackupInstance (0ms)
		ReleaseScriptingObjects (0ms)
		CreateAndSetChildDomain (1ms)
	RebuildCommonClasses (34ms)
	RebuildNativeTypeToScriptingClass (10ms)
	initialDomainReloadingComplete (43ms)
	LoadAllAssembliesAndSetupDomain (138ms)
		LoadAssemblies (121ms)
		RebuildTransferFunctionScriptingTraits (0ms)
		AnalyzeDomain (136ms)
			TypeCache.Refresh (134ms)
				TypeCache.ScanAssembly (123ms)
			BuildScriptInfoCaches (0ms)
			ResolveRequiredComponents (1ms)
	FinalizeReload (330ms)
		ReleaseScriptCaches (0ms)
		RebuildScriptCaches (0ms)
		SetupLoadedEditorAssemblies (284ms)
			LogAssemblyErrors (0ms)
			InitializePlatformSupportModulesInManaged (24ms)
			SetLoadedEditorAssemblies (5ms)
			BeforeProcessingInitializeOnLoad (7ms)
			ProcessInitializeOnLoadAttributes (185ms)
			ProcessInitializeOnLoadMethodAttributes (60ms)
			AfterProcessingInitializeOnLoad (4ms)
			EditorAssembliesLoaded (0ms)
		ExecutionOrderSort2 (0ms)
		AwakeInstancesAfterBackupRestoration (0ms)
========================================================================
Worker process is ready to serve import requests
Import Worker Mode flag is 0x00
Begin MonoManager ReloadAssembly
- Loaded All Assemblies, in  1.348 seconds
Refreshing native plugins compatible for Editor in 0.85 ms, found 3 plugins.
Native extension for WindowsStandalone target not found
Mono: successfully reloaded assembly
- Finished resetting the current domain, in  0.785 seconds
Domain Reload Profiling: 2131ms
	BeginReloadAssembly (651ms)
		ExecutionOrderSort (0ms)
		DisableScriptedObjects (6ms)
		BackupInstance (0ms)
		ReleaseScriptingObjects (0ms)
		CreateAndSetChildDomain (33ms)
	RebuildCommonClasses (34ms)
	RebuildNativeTypeToScriptingClass (11ms)
	initialDomainReloadingComplete (34ms)
	LoadAllAssembliesAndSetupDomain (616ms)
		LoadAssemblies (392ms)
		RebuildTransferFunctionScriptingTraits (0ms)
		AnalyzeDomain (308ms)
			TypeCache.Refresh (201ms)
				TypeCache.ScanAssembly (186ms)
			BuildScriptInfoCaches (93ms)
			ResolveRequiredComponents (10ms)
	FinalizeReload (786ms)
		ReleaseScriptCaches (0ms)
		RebuildScriptCaches (0ms)
		SetupLoadedEditorAssemblies (519ms)
			LogAssemblyErrors (0ms)
			InitializePlatformSupportModulesInManaged (2ms)
			SetLoadedEditorAssemblies (3ms)
			BeforeProcessingInitializeOnLoad (65ms)
			ProcessInitializeOnLoadAttributes (373ms)
			ProcessInitializeOnLoadMethodAttributes (71ms)
			AfterProcessingInitializeOnLoad (5ms)
			EditorAssembliesLoaded (0ms)
		ExecutionOrderSort2 (0ms)
		AwakeInstancesAfterBackupRestoration (5ms)
Launched and connected shader compiler UnityShaderCompiler.exe after 0.01 seconds
Refreshing native plugins compatible for Editor in 1.24 ms, found 3 plugins.
Preloading 0 native plugins for Editor in 0.00 ms.
Unloading 214 Unused Serialized files (Serialized files now loaded: 0)
Unloading 6608 unused Assets / (6.0 MB). Loaded Objects now: 7389.
Memory consumption went from 193.3 MB to 187.3 MB.
Total: 10.999700 ms (FindLiveObjects: 0.789800 ms CreateObjectMapping: 1.094500 ms MarkObjects: 5.850800 ms  DeleteObjects: 3.262400 ms)

========================================================================
Received Import Request.
  Time since last request: 2630040.607738 seconds.
  path: Assets/Systems/Particle - Water.vfx
  artifactKey: Guid(00e7839096a13124ea03c4ff6686a433) Importer(815301076,1909f56bfc062723c751e8b465ee728b)
Start importing Assets/Systems/Particle - Water.vfx using Guid(00e7839096a13124ea03c4ff6686a433) Importer(815301076,1909f56bfc062723c751e8b465ee728b) (PreviewImporter)[PhysX] Initialized MultithreadedTaskDispatcher with 8 workers.
 -> (artifact id: '104b5e94a6dc74c0ede14ec0b4ee2caf') in 0.0588056 seconds
Number of updated asset objects reloaded before import = 1Number of asset objects unloaded after import = 7

========================================================================
Received Import Request.
  Time since last request: 4.653231 seconds.
  path: Assets/Systems/Particle - Water 1.vfx
  artifactKey: Guid(7112376b7edd5204891bf7318044a415) Importer(815301076,1909f56bfc062723c751e8b465ee728b)
Start importing Assets/Systems/Particle - Water 1.vfx using Guid(7112376b7edd5204891bf7318044a415) Importer(815301076,1909f56bfc062723c751e8b465ee728b) (PreviewImporter)[PhysX] Initialized MultithreadedTaskDispatcher with 8 workers.
 -> (artifact id: '28031cbfb1d90fe029acf805d6a0de6e') in 0.0049666 seconds
Number of updated asset objects reloaded before import = 0Number of asset objects unloaded after import = 7

========================================================================
Received Import Request.
  Time since last request: 5.567436 seconds.
  path: Assets/Systems/Particle - Fire.vfx
  artifactKey: Guid(7112376b7edd5204891bf7318044a415) Importer(815301076,1909f56bfc062723c751e8b465ee728b)
Start importing Assets/Systems/Particle - Fire.vfx using Guid(7112376b7edd5204891bf7318044a415) Importer(815301076,1909f56bfc062723c751e8b465ee728b) (PreviewImporter)[PhysX] Initialized MultithreadedTaskDispatcher with 8 workers.
 -> (artifact id: '79d89a85afd2062793290da4a041ed37') in 0.0050782 seconds
Number of updated asset objects reloaded before import = 0Number of asset objects unloaded after import = 7

========================================================================
Received Import Request.
  Time since last request: 1.554748 seconds.
  path: Assets/Systems/Particle - Fire.vfx
  artifactKey: Guid(7112376b7edd5204891bf7318044a415) Importer(815301076,1909f56bfc062723c751e8b465ee728b)
Start importing Assets/Systems/Particle - Fire.vfx using Guid(7112376b7edd5204891bf7318044a415) Importer(815301076,1909f56bfc062723c751e8b465ee728b) (PreviewImporter)[PhysX] Initialized MultithreadedTaskDispatcher with 8 workers.
 -> (artifact id: 'f4ab6dc689e93b779fa2d47e63f8a543') in 0.0052651 seconds
Number of updated asset objects reloaded before import = 0Number of asset objects unloaded after import = 8

========================================================================
Received Import Request.
  Time since last request: 41.660904 seconds.
  path: Assets/Systems/Particle - Fire.vfx
  artifactKey: Guid(7112376b7edd5204891bf7318044a415) Importer(815301076,1909f56bfc062723c751e8b465ee728b)
Start importing Assets/Systems/Particle - Fire.vfx using Guid(7112376b7edd5204891bf7318044a415) Importer(815301076,1909f56bfc062723c751e8b465ee728b) (PreviewImporter)[PhysX] Initialized MultithreadedTaskDispatcher with 8 workers.
 -> (artifact id: '2d35c8cd022d0bc6907bf0b5fcbf416b') in 0.012814 seconds
Number of updated asset objects reloaded before import = 0Number of asset objects unloaded after import = 10

========================================================================
Received Import Request.
  Time since last request: 28.981619 seconds.
  path: Assets/Systems/Particle - Fire.vfx
  artifactKey: Guid(7112376b7edd5204891bf7318044a415) Importer(815301076,1909f56bfc062723c751e8b465ee728b)
Start importing Assets/Systems/Particle - Fire.vfx using Guid(7112376b7edd5204891bf7318044a415) Importer(815301076,1909f56bfc062723c751e8b465ee728b) (PreviewImporter)[PhysX] Initialized MultithreadedTaskDispatcher with 8 workers.
 -> (artifact id: 'b8adce4ad15894f2b8031c9749507c6d') in 0.0079643 seconds
Number of updated asset objects reloaded before import = 0Number of asset objects unloaded after import = 11

========================================================================
Received Import Request.
  Time since last request: 7.087304 seconds.
  path: Assets/Systems/Particle - Fire.vfx
  artifactKey: Guid(7112376b7edd5204891bf7318044a415) Importer(815301076,1909f56bfc062723c751e8b465ee728b)
Start importing Assets/Systems/Particle - Fire.vfx using Guid(7112376b7edd5204891bf7318044a415) Importer(815301076,1909f56bfc062723c751e8b465ee728b) (PreviewImporter)[PhysX] Initialized MultithreadedTaskDispatcher with 8 workers.
 -> (artifact id: 'd5b930afd38494c8b919dd10d59c5185') in 0.0079195 seconds
Number of updated asset objects reloaded before import = 0Number of asset objects unloaded after import = 11

========================================================================
Received Import Request.
  Time since last request: 73.655342 seconds.
  path: Assets/Shaders/New Shader Graph.shadergraph
  artifactKey: Guid(10c237706f5bcf44799436672842e68c) Importer(815301076,1909f56bfc062723c751e8b465ee728b)
Start importing Assets/Shaders/New Shader Graph.shadergraph using Guid(10c237706f5bcf44799436672842e68c) Importer(815301076,1909f56bfc062723c751e8b465ee728b) (PreviewImporter)[PhysX] Initialized MultithreadedTaskDispatcher with 8 workers.
[PhysX] Initialized MultithreadedTaskDispatcher with 8 workers.
 -> (artifact id: '35885f4e61e91564beafc89962678408') in 3.5100844 seconds
Number of updated asset objects reloaded before import = 1Number of asset objects unloaded after import = 6

========================================================================
Received Import Request.
  Time since last request: 5.751800 seconds.
  path: Assets/Systems/Particle - Fire.vfx
  artifactKey: Guid(7112376b7edd5204891bf7318044a415) Importer(815301076,1909f56bfc062723c751e8b465ee728b)
Start importing Assets/Systems/Particle - Fire.vfx using Guid(7112376b7edd5204891bf7318044a415) Importer(815301076,1909f56bfc062723c751e8b465ee728b) (PreviewImporter)[PhysX] Initialized MultithreadedTaskDispatcher with 8 workers.
 -> (artifact id: '32871ddfd156d741d711201ace690a95') in 0.4366165 seconds
Number of updated asset objects reloaded before import = 0Number of asset objects unloaded after import = 7

========================================================================
Received Import Request.
  Time since last request: 20.380341 seconds.
  path: Assets/Icons/water_icon64.png
  artifactKey: Guid(a344ccbb202d891418e2db9b5b042f95) Importer(815301076,1909f56bfc062723c751e8b465ee728b)
Start importing Assets/Icons/water_icon64.png using Guid(a344ccbb202d891418e2db9b5b042f95) Importer(815301076,1909f56bfc062723c751e8b465ee728b) (PreviewImporter)[PhysX] Initialized MultithreadedTaskDispatcher with 8 workers.
[PhysX] Initialized MultithreadedTaskDispatcher with 8 workers.
 -> (artifact id: '22a2ce414f33723c36b3576f75371413') in 0.0379851 seconds
Number of updated asset objects reloaded before import = 0Number of asset objects unloaded after import = 3

========================================================================
Received Import Request.
  Time since last request: 0.000027 seconds.
  path: Assets/Icons/WindStone.png
  artifactKey: Guid(d6b7a51e1ee86474eb96df4bb84c05e2) Importer(815301076,1909f56bfc062723c751e8b465ee728b)
Start importing Assets/Icons/WindStone.png using Guid(d6b7a51e1ee86474eb96df4bb84c05e2) Importer(815301076,1909f56bfc062723c751e8b465ee728b) (PreviewImporter)[PhysX] Initialized MultithreadedTaskDispatcher with 8 workers.
[PhysX] Initialized MultithreadedTaskDispatcher with 8 workers.
 -> (artifact id: '8f1361abd087ce58bda0bce3c188e25f') in 0.0251555 seconds
Number of updated asset objects reloaded before import = 0Number of asset objects unloaded after import = 3

========================================================================
Received Import Request.
  Time since last request: 64.301141 seconds.
  path: Assets/Systems/Particle - Fire.vfx
  artifactKey: Guid(7112376b7edd5204891bf7318044a415) Importer(815301076,1909f56bfc062723c751e8b465ee728b)
Start importing Assets/Systems/Particle - Fire.vfx using Guid(7112376b7edd5204891bf7318044a415) Importer(815301076,1909f56bfc062723c751e8b465ee728b) (PreviewImporter)[PhysX] Initialized MultithreadedTaskDispatcher with 8 workers.
 -> (artifact id: '6dcd51847dc753592a5885bc79c6155c') in 0.4361601 seconds
Number of updated asset objects reloaded before import = 0Number of asset objects unloaded after import = 7

========================================================================
Received Import Request.
  Time since last request: 1.213708 seconds.
  path: Assets/Systems/Particle - Fire.vfx
  artifactKey: Guid(7112376b7edd5204891bf7318044a415) Importer(815301076,1909f56bfc062723c751e8b465ee728b)
Start importing Assets/Systems/Particle - Fire.vfx using Guid(7112376b7edd5204891bf7318044a415) Importer(815301076,1909f56bfc062723c751e8b465ee728b) (PreviewImporter)[PhysX] Initialized MultithreadedTaskDispatcher with 8 workers.
 -> (artifact id: '150086dcfaaa6c5c8b91ff51a9ea0557') in 0.4067343 seconds
Number of updated asset objects reloaded before import = 0Number of asset objects unloaded after import = 7

========================================================================
Received Import Request.
  Time since last request: 2.334286 seconds.
  path: Assets/Systems/Particle - Fire.vfx
  artifactKey: Guid(7112376b7edd5204891bf7318044a415) Importer(815301076,1909f56bfc062723c751e8b465ee728b)
Start importing Assets/Systems/Particle - Fire.vfx using Guid(7112376b7edd5204891bf7318044a415) Importer(815301076,1909f56bfc062723c751e8b465ee728b) (PreviewImporter)[PhysX] Initialized MultithreadedTaskDispatcher with 8 workers.
 -> (artifact id: '6358c6a7edefd384040fdb38d7f03fed') in 0.4636625 seconds
Number of updated asset objects reloaded before import = 1Number of asset objects unloaded after import = 7

========================================================================
Received Import Request.
  Time since last request: 24.595224 seconds.
  path: Assets/Systems/Particle - Fire.vfx
  artifactKey: Guid(7112376b7edd5204891bf7318044a415) Importer(815301076,1909f56bfc062723c751e8b465ee728b)
Start importing Assets/Systems/Particle - Fire.vfx using Guid(7112376b7edd5204891bf7318044a415) Importer(815301076,1909f56bfc062723c751e8b465ee728b) (PreviewImporter)[PhysX] Initialized MultithreadedTaskDispatcher with 8 workers.
 -> (artifact id: '7a34a46d200b66bc82b34ff97ffe3921') in 0.5952894 seconds
Number of updated asset objects reloaded before import = 0Number of asset objects unloaded after import = 7

========================================================================
Received Import Request.
  Time since last request: 2.797652 seconds.
  path: Assets/Systems/Particle - Fire.vfx
  artifactKey: Guid(7112376b7edd5204891bf7318044a415) Importer(815301076,1909f56bfc062723c751e8b465ee728b)
Start importing Assets/Systems/Particle - Fire.vfx using Guid(7112376b7edd5204891bf7318044a415) Importer(815301076,1909f56bfc062723c751e8b465ee728b) (PreviewImporter)[PhysX] Initialized MultithreadedTaskDispatcher with 8 workers.
 -> (artifact id: '0561f465659ba2be9ad418f56fd48eff') in 0.3603482 seconds
Number of updated asset objects reloaded before import = 0Number of asset objects unloaded after import = 7

========================================================================
Received Import Request.
  Time since last request: 13.602099 seconds.
  path: Assets/Systems/Particle - Fire.vfx
  artifactKey: Guid(7112376b7edd5204891bf7318044a415) Importer(815301076,1909f56bfc062723c751e8b465ee728b)
Start importing Assets/Systems/Particle - Fire.vfx using Guid(7112376b7edd5204891bf7318044a415) Importer(815301076,1909f56bfc062723c751e8b465ee728b) (PreviewImporter)[PhysX] Initialized MultithreadedTaskDispatcher with 8 workers.
 -> (artifact id: '4aa2b0465267caf521972702cd956568') in 0.3763918 seconds
Number of updated asset objects reloaded before import = 0Number of asset objects unloaded after import = 7

========================================================================
Received Import Request.
  Time since last request: 67.393757 seconds.
  path: Assets/Systems/Particle - Fire.vfx
  artifactKey: Guid(7112376b7edd5204891bf7318044a415) Importer(815301076,1909f56bfc062723c751e8b465ee728b)
Start importing Assets/Systems/Particle - Fire.vfx using Guid(7112376b7edd5204891bf7318044a415) Importer(815301076,1909f56bfc062723c751e8b465ee728b) (PreviewImporter)[PhysX] Initialized MultithreadedTaskDispatcher with 8 workers.
 -> (artifact id: '1e2135ab12c71cdb39ef196f4416273c') in 0.2345776 seconds
Number of updated asset objects reloaded before import = 0Number of asset objects unloaded after import = 7

========================================================================
Received Import Request.
  Time since last request: 503.391179 seconds.
  path: Assets/Systems/Particle - Fire.vfx
  artifactKey: Guid(7112376b7edd5204891bf7318044a415) Importer(815301076,1909f56bfc062723c751e8b465ee728b)
Start importing Assets/Systems/Particle - Fire.vfx using Guid(7112376b7edd5204891bf7318044a415) Importer(815301076,1909f56bfc062723c751e8b465ee728b) (PreviewImporter)[PhysX] Initialized MultithreadedTaskDispatcher with 8 workers.
 -> (artifact id: 'bbbf087419bc71e5ca92e091ccd2eacd') in 0.4994049 seconds
Number of updated asset objects reloaded before import = 1Number of asset objects unloaded after import = 7

========================================================================
Received Import Request.
  Time since last request: 348.004151 seconds.
  path: Assets/Systems/Particle - Fire.vfx
  artifactKey: Guid(7112376b7edd5204891bf7318044a415) Importer(815301076,1909f56bfc062723c751e8b465ee728b)
Start importing Assets/Systems/Particle - Fire.vfx using Guid(7112376b7edd5204891bf7318044a415) Importer(815301076,1909f56bfc062723c751e8b465ee728b) (PreviewImporter)[PhysX] Initialized MultithreadedTaskDispatcher with 8 workers.
 -> (artifact id: '011a257679489e05a18b698b7e22d55e') in 0.4390477 seconds
Number of updated asset objects reloaded before import = 1Number of asset objects unloaded after import = 7

========================================================================
Received Import Request.
  Time since last request: 23.148797 seconds.
  path: Assets/Systems/Particle - Fire.vfx
  artifactKey: Guid(7112376b7edd5204891bf7318044a415) Importer(815301076,1909f56bfc062723c751e8b465ee728b)
Start importing Assets/Systems/Particle - Fire.vfx using Guid(7112376b7edd5204891bf7318044a415) Importer(815301076,1909f56bfc062723c751e8b465ee728b) (PreviewImporter)[PhysX] Initialized MultithreadedTaskDispatcher with 8 workers.
 -> (artifact id: '5e5f3552c59aa9e5254989e6341277f2') in 0.2354578 seconds
Number of updated asset objects reloaded before import = 0Number of asset objects unloaded after import = 7

========================================================================
Received Import Request.
  Time since last request: 972.198397 seconds.
  path: Assets/Systems/Particle - Water.vfx
  artifactKey: Guid(00e7839096a13124ea03c4ff6686a433) Importer(815301076,1909f56bfc062723c751e8b465ee728b)
Start importing Assets/Systems/Particle - Water.vfx using Guid(00e7839096a13124ea03c4ff6686a433) Importer(815301076,1909f56bfc062723c751e8b465ee728b) (PreviewImporter)[PhysX] Initialized MultithreadedTaskDispatcher with 8 workers.
 -> (artifact id: '8f3880024f3ef9eb9ef4fdd5891fd1da') in 0.0062053 seconds
Number of updated asset objects reloaded before import = 1Number of asset objects unloaded after import = 6

========================================================================
Received Import Request.
  Time since last request: 217.781877 seconds.
  path: Assets/Systems/Particle - Fire.vfx
  artifactKey: Guid(7112376b7edd5204891bf7318044a415) Importer(815301076,1909f56bfc062723c751e8b465ee728b)
Start importing Assets/Systems/Particle - Fire.vfx using Guid(7112376b7edd5204891bf7318044a415) Importer(815301076,1909f56bfc062723c751e8b465ee728b) (PreviewImporter)[PhysX] Initialized MultithreadedTaskDispatcher with 8 workers.
 -> (artifact id: 'a7c150f21d85f6e673b9f1d5775944e0') in 0.4377883 seconds
Number of updated asset objects reloaded before import = 1Number of asset objects unloaded after import = 7

========================================================================
Received Import Request.
  Time since last request: 151.612280 seconds.
  path: Assets/Textures/RealisticSmoke02_4x4.png
  artifactKey: Guid(a19d6e3812cad5a4394a131ff509d459) Importer(815301076,1909f56bfc062723c751e8b465ee728b)
Start importing Assets/Textures/RealisticSmoke02_4x4.png using Guid(a19d6e3812cad5a4394a131ff509d459) Importer(815301076,1909f56bfc062723c751e8b465ee728b) (PreviewImporter)[PhysX] Initialized MultithreadedTaskDispatcher with 8 workers.
[PhysX] Initialized MultithreadedTaskDispatcher with 8 workers.
 -> (artifact id: 'ec90dfbc3b7907adc7e7787ef6650394') in 0.0647017 seconds
Number of updated asset objects reloaded before import = 0Number of asset objects unloaded after import = 2

========================================================================
Received Import Request.
  Time since last request: 110.052318 seconds.
  path: Assets/Textures/RealisticSmoke02_4x4.png
  artifactKey: Guid(a19d6e3812cad5a4394a131ff509d459) Importer(815301076,1909f56bfc062723c751e8b465ee728b)
Start importing Assets/Textures/RealisticSmoke02_4x4.png using Guid(a19d6e3812cad5a4394a131ff509d459) Importer(815301076,1909f56bfc062723c751e8b465ee728b) (PreviewImporter)[PhysX] Initialized MultithreadedTaskDispatcher with 8 workers.
[PhysX] Initialized MultithreadedTaskDispatcher with 8 workers.
 -> (artifact id: '65a03a01b4a528b65273f7a7fb9da127') in 0.0332018 seconds
Number of updated asset objects reloaded before import = 0Number of asset objects unloaded after import = 2

========================================================================
Received Import Request.
  Time since last request: 76.037815 seconds.
  path: Assets/Systems/Particle - Fire.vfx
  artifactKey: Guid(7112376b7edd5204891bf7318044a415) Importer(815301076,1909f56bfc062723c751e8b465ee728b)
Start importing Assets/Systems/Particle - Fire.vfx using Guid(7112376b7edd5204891bf7318044a415) Importer(815301076,1909f56bfc062723c751e8b465ee728b) (PreviewImporter)[PhysX] Initialized MultithreadedTaskDispatcher with 8 workers.
 -> (artifact id: 'de517899307d6a8c1b51b9ceac8ba44c') in 0.2178822 seconds
Number of updated asset objects reloaded before import = 0Number of asset objects unloaded after import = 12

========================================================================
Received Import Request.
  Time since last request: 11.814711 seconds.
  path: Assets/Systems/Particle - Fire.vfx
  artifactKey: Guid(7112376b7edd5204891bf7318044a415) Importer(815301076,1909f56bfc062723c751e8b465ee728b)
Start importing Assets/Systems/Particle - Fire.vfx using Guid(7112376b7edd5204891bf7318044a415) Importer(815301076,1909f56bfc062723c751e8b465ee728b) (PreviewImporter)[PhysX] Initialized MultithreadedTaskDispatcher with 8 workers.
 -> (artifact id: 'df99f3afe7ac7ae65d02f2c2a0883044') in 0.7797045 seconds
Number of updated asset objects reloaded before import = 0Number of asset objects unloaded after import = 12

========================================================================
Received Import Request.
  Time since last request: 4.537447 seconds.
  path: Assets/Systems/Particle - Fire.vfx
  artifactKey: Guid(7112376b7edd5204891bf7318044a415) Importer(815301076,1909f56bfc062723c751e8b465ee728b)
Start importing Assets/Systems/Particle - Fire.vfx using Guid(7112376b7edd5204891bf7318044a415) Importer(815301076,1909f56bfc062723c751e8b465ee728b) (PreviewImporter)[PhysX] Initialized MultithreadedTaskDispatcher with 8 workers.
 -> (artifact id: 'cd63eea78a9f1ad615eb21ecd9ee83ef') in 0.6283067 seconds
Number of updated asset objects reloaded before import = 0Number of asset objects unloaded after import = 12

========================================================================
Received Import Request.
  Time since last request: 43.849040 seconds.
  path: Assets/Systems/Particle - Fire.vfx
  artifactKey: Guid(7112376b7edd5204891bf7318044a415) Importer(815301076,1909f56bfc062723c751e8b465ee728b)
Start importing Assets/Systems/Particle - Fire.vfx using Guid(7112376b7edd5204891bf7318044a415) Importer(815301076,1909f56bfc062723c751e8b465ee728b) (PreviewImporter)[PhysX] Initialized MultithreadedTaskDispatcher with 8 workers.
 -> (artifact id: '19a57eb6aa9f6537e31661dc73007cc7') in 0.2450016 seconds
Number of updated asset objects reloaded before import = 0Number of asset objects unloaded after import = 12

========================================================================
Received Import Request.
  Time since last request: 0.378615 seconds.
  path: Assets/Systems/Particle - Fire.vfx
  artifactKey: Guid(7112376b7edd5204891bf7318044a415) Importer(815301076,1909f56bfc062723c751e8b465ee728b)
Start importing Assets/Systems/Particle - Fire.vfx using Guid(7112376b7edd5204891bf7318044a415) Importer(815301076,1909f56bfc062723c751e8b465ee728b) (PreviewImporter)[PhysX] Initialized MultithreadedTaskDispatcher with 8 workers.
 -> (artifact id: 'e6bd15d7c9dbe474c7b607668a16df7d') in 0.2776921 seconds
Number of updated asset objects reloaded before import = 0Number of asset objects unloaded after import = 12

========================================================================
Received Import Request.
  Time since last request: 68.437943 seconds.
  path: Assets/Systems/Particle - Fire.vfx
  artifactKey: Guid(7112376b7edd5204891bf7318044a415) Importer(815301076,1909f56bfc062723c751e8b465ee728b)
Start importing Assets/Systems/Particle - Fire.vfx using Guid(7112376b7edd5204891bf7318044a415) Importer(815301076,1909f56bfc062723c751e8b465ee728b) (PreviewImporter)[PhysX] Initialized MultithreadedTaskDispatcher with 8 workers.
 -> (artifact id: 'c8755624464fcaa1870f00116db3048f') in 0.2885529 seconds
Number of updated asset objects reloaded before import = 0Number of asset objects unloaded after import = 12

========================================================================
Received Import Request.
  Time since last request: 22.259590 seconds.
  path: Assets/Systems/Particle - Fire.vfx
  artifactKey: Guid(7112376b7edd5204891bf7318044a415) Importer(815301076,1909f56bfc062723c751e8b465ee728b)
Start importing Assets/Systems/Particle - Fire.vfx using Guid(7112376b7edd5204891bf7318044a415) Importer(815301076,1909f56bfc062723c751e8b465ee728b) (PreviewImporter)[PhysX] Initialized MultithreadedTaskDispatcher with 8 workers.
 -> (artifact id: 'aefc5f06fcdfa6d2defe95773e8a66b1') in 0.2708561 seconds
Number of updated asset objects reloaded before import = 0Number of asset objects unloaded after import = 12

========================================================================
Received Import Request.
  Time since last request: 27.581060 seconds.
  path: Assets/Systems/Particle - Fire.vfx
  artifactKey: Guid(7112376b7edd5204891bf7318044a415) Importer(815301076,1909f56bfc062723c751e8b465ee728b)
Start importing Assets/Systems/Particle - Fire.vfx using Guid(7112376b7edd5204891bf7318044a415) Importer(815301076,1909f56bfc062723c751e8b465ee728b) (PreviewImporter)[PhysX] Initialized MultithreadedTaskDispatcher with 8 workers.
 -> (artifact id: '636eeef4bac761d707113b18710d879e') in 0.2333626 seconds
Number of updated asset objects reloaded before import = 0Number of asset objects unloaded after import = 12

========================================================================
Received Import Request.
  Time since last request: 77.202646 seconds.
  path: Assets/Systems/Particle - Fire.vfx
  artifactKey: Guid(7112376b7edd5204891bf7318044a415) Importer(815301076,1909f56bfc062723c751e8b465ee728b)
Start importing Assets/Systems/Particle - Fire.vfx using Guid(7112376b7edd5204891bf7318044a415) Importer(815301076,1909f56bfc062723c751e8b465ee728b) (PreviewImporter)[PhysX] Initialized MultithreadedTaskDispatcher with 8 workers.
 -> (artifact id: '96881f6215ba46e344728d356ad3823d') in 0.2647406 seconds
Number of updated asset objects reloaded before import = 0Number of asset objects unloaded after import = 12

========================================================================
Received Import Request.
  Time since last request: 8.821501 seconds.
  path: Assets/Systems/Particle - Fire.vfx
  artifactKey: Guid(7112376b7edd5204891bf7318044a415) Importer(815301076,1909f56bfc062723c751e8b465ee728b)
Start importing Assets/Systems/Particle - Fire.vfx using Guid(7112376b7edd5204891bf7318044a415) Importer(815301076,1909f56bfc062723c751e8b465ee728b) (PreviewImporter)[PhysX] Initialized MultithreadedTaskDispatcher with 8 workers.
 -> (artifact id: 'a226ec5232ed9ee7376442f0e8f5ce65') in 0.2688709 seconds
Number of updated asset objects reloaded before import = 0Number of asset objects unloaded after import = 12

========================================================================
Received Import Request.
  Time since last request: 28.008912 seconds.
  path: Assets/Systems/Particle - Fire.vfx
  artifactKey: Guid(7112376b7edd5204891bf7318044a415) Importer(815301076,1909f56bfc062723c751e8b465ee728b)
Start importing Assets/Systems/Particle - Fire.vfx using Guid(7112376b7edd5204891bf7318044a415) Importer(815301076,1909f56bfc062723c751e8b465ee728b) (PreviewImporter)[PhysX] Initialized MultithreadedTaskDispatcher with 8 workers.
 -> (artifact id: '68680db2f0529d1839f715f3be7d4122') in 0.2503144 seconds
Number of updated asset objects reloaded before import = 0Number of asset objects unloaded after import = 12

========================================================================
Received Import Request.
  Time since last request: 14.511735 seconds.
  path: Assets/Systems/Particle - Fire.vfx
  artifactKey: Guid(7112376b7edd5204891bf7318044a415) Importer(815301076,1909f56bfc062723c751e8b465ee728b)
Start importing Assets/Systems/Particle - Fire.vfx using Guid(7112376b7edd5204891bf7318044a415) Importer(815301076,1909f56bfc062723c751e8b465ee728b) (PreviewImporter)[PhysX] Initialized MultithreadedTaskDispatcher with 8 workers.
 -> (artifact id: '48e2cf203179e585e71a9a1eeb3bbd6a') in 0.2444552 seconds
Number of updated asset objects reloaded before import = 0Number of asset objects unloaded after import = 12

========================================================================
Received Import Request.
  Time since last request: 100.227723 seconds.
  path: Assets/Systems/Particle - Fire.vfx
  artifactKey: Guid(7112376b7edd5204891bf7318044a415) Importer(815301076,1909f56bfc062723c751e8b465ee728b)
Start importing Assets/Systems/Particle - Fire.vfx using Guid(7112376b7edd5204891bf7318044a415) Importer(815301076,1909f56bfc062723c751e8b465ee728b) (PreviewImporter)[PhysX] Initialized MultithreadedTaskDispatcher with 8 workers.
 -> (artifact id: 'ef95bb0d700c0e0342da4f0f651a7281') in 0.2645909 seconds
Number of updated asset objects reloaded before import = 0Number of asset objects unloaded after import = 12

========================================================================
Received Import Request.
  Time since last request: 22.029771 seconds.
  path: Assets/Systems/Particle - Fire.vfx
  artifactKey: Guid(7112376b7edd5204891bf7318044a415) Importer(815301076,1909f56bfc062723c751e8b465ee728b)
Start importing Assets/Systems/Particle - Fire.vfx using Guid(7112376b7edd5204891bf7318044a415) Importer(815301076,1909f56bfc062723c751e8b465ee728b) (PreviewImporter)[PhysX] Initialized MultithreadedTaskDispatcher with 8 workers.
 -> (artifact id: 'c272f16c85f3976654b1b9e6ebcf6c50') in 0.2646017 seconds
Number of updated asset objects reloaded before import = 0Number of asset objects unloaded after import = 12

========================================================================
Received Import Request.
  Time since last request: 157.057856 seconds.
  path: Assets/Systems/Particle - Fire.vfx
  artifactKey: Guid(7112376b7edd5204891bf7318044a415) Importer(815301076,1909f56bfc062723c751e8b465ee728b)
Start importing Assets/Systems/Particle - Fire.vfx using Guid(7112376b7edd5204891bf7318044a415) Importer(815301076,1909f56bfc062723c751e8b465ee728b) (PreviewImporter)[PhysX] Initialized MultithreadedTaskDispatcher with 8 workers.
 -> (artifact id: 'a02bb039408fe2bc163ca04dc4687048') in 0.220101 seconds
Number of updated asset objects reloaded before import = 0Number of asset objects unloaded after import = 12

========================================================================
Received Import Request.
  Time since last request: 17.168321 seconds.
  path: Assets/Systems/Particle - Fire.vfx
  artifactKey: Guid(7112376b7edd5204891bf7318044a415) Importer(815301076,1909f56bfc062723c751e8b465ee728b)
Start importing Assets/Systems/Particle - Fire.vfx using Guid(7112376b7edd5204891bf7318044a415) Importer(815301076,1909f56bfc062723c751e8b465ee728b) (PreviewImporter)[PhysX] Initialized MultithreadedTaskDispatcher with 8 workers.
 -> (artifact id: 'ebc02f2c8612a24149876dafbd66ed9f') in 0.2613193 seconds
Number of updated asset objects reloaded before import = 0Number of asset objects unloaded after import = 12

========================================================================
Received Import Request.
  Time since last request: 7.594464 seconds.
  path: Packages/com.unity.multiplayer.center/Editor/MultiplayerCenterWindow/UI/Icons/DedicatedServer.png
  artifactKey: Guid(3fe892784421e47f5aa40c2784a6cb3e) Importer(815301076,1909f56bfc062723c751e8b465ee728b)
Start importing Packages/com.unity.multiplayer.center/Editor/MultiplayerCenterWindow/UI/Icons/DedicatedServer.png using Guid(3fe892784421e47f5aa40c2784a6cb3e) Importer(815301076,1909f56bfc062723c751e8b465ee728b) (PreviewImporter)[PhysX] Initialized MultithreadedTaskDispatcher with 8 workers.
[PhysX] Initialized MultithreadedTaskDispatcher with 8 workers.
 -> (artifact id: '40d933edcaa1f74fdfcb3ba52113056e') in 0.0472273 seconds
Number of updated asset objects reloaded before import = 0Number of asset objects unloaded after import = 2

========================================================================
Received Import Request.
  Time since last request: 0.000048 seconds.
  path: Packages/com.unity.visualeffectgraph/Textures/DefaultDot.tga
  artifactKey: Guid(8aafaa78fe944854997fef757ff4ba72) Importer(815301076,1909f56bfc062723c751e8b465ee728b)
Start importing Packages/com.unity.visualeffectgraph/Textures/DefaultDot.tga using Guid(8aafaa78fe944854997fef757ff4ba72) Importer(815301076,1909f56bfc062723c751e8b465ee728b) (PreviewImporter)[PhysX] Initialized MultithreadedTaskDispatcher with 8 workers.
[PhysX] Initialized MultithreadedTaskDispatcher with 8 workers.
 -> (artifact id: 'df4e0166671986a5a5a66b611f56259b') in 0.0312635 seconds
Number of updated asset objects reloaded before import = 0Number of asset objects unloaded after import = 2

========================================================================
Received Import Request.
  Time since last request: 0.000056 seconds.
  path: Packages/com.unity.visualeffectgraph/Textures/DefaultParticle.tga
  artifactKey: Guid(276d9e395ae18fe40a9b4988549f2349) Importer(815301076,1909f56bfc062723c751e8b465ee728b)
Start importing Packages/com.unity.visualeffectgraph/Textures/DefaultParticle.tga using Guid(276d9e395ae18fe40a9b4988549f2349) Importer(815301076,1909f56bfc062723c751e8b465ee728b) (PreviewImporter)[PhysX] Initialized MultithreadedTaskDispatcher with 8 workers.
[PhysX] Initialized MultithreadedTaskDispatcher with 8 workers.
 -> (artifact id: '8286cda786f0ce98bc77ce252edb22a7') in 0.0248204 seconds
Number of updated asset objects reloaded before import = 0Number of asset objects unloaded after import = 2

========================================================================
Received Import Request.
  Time since last request: 0.000035 seconds.
  path: Packages/com.unity.render-pipelines.core/Editor/Lighting/Icons/LightUnitIcons/DirectSunlight.png
  artifactKey: Guid(863ef838c25e51b4790fd6ac881ba895) Importer(815301076,1909f56bfc062723c751e8b465ee728b)
Start importing Packages/com.unity.render-pipelines.core/Editor/Lighting/Icons/LightUnitIcons/DirectSunlight.png using Guid(863ef838c25e51b4790fd6ac881ba895) Importer(815301076,1909f56bfc062723c751e8b465ee728b) (PreviewImporter)[PhysX] Initialized MultithreadedTaskDispatcher with 8 workers.
[PhysX] Initialized MultithreadedTaskDispatcher with 8 workers.
 -> (artifact id: '1de38d1023b7237283d51ae649e12cc0') in 0.0205652 seconds
Number of updated asset objects reloaded before import = 0Number of asset objects unloaded after import = 2

========================================================================
Received Import Request.
  Time since last request: 0.000056 seconds.
  path: Packages/com.unity.visualeffectgraph/Textures/DefaultTrail.tga
  artifactKey: Guid(6c69572945a4fcb4692a0a126f26638f) Importer(815301076,1909f56bfc062723c751e8b465ee728b)
Start importing Packages/com.unity.visualeffectgraph/Textures/DefaultTrail.tga using Guid(6c69572945a4fcb4692a0a126f26638f) Importer(815301076,1909f56bfc062723c751e8b465ee728b) (PreviewImporter)[PhysX] Initialized MultithreadedTaskDispatcher with 8 workers.
[PhysX] Initialized MultithreadedTaskDispatcher with 8 workers.
 -> (artifact id: 'bd5f66004dbecb55948a9f6fb8f50218') in 0.0216368 seconds
Number of updated asset objects reloaded before import = 0Number of asset objects unloaded after import = 2

========================================================================
Received Import Request.
  Time since last request: 0.576871 seconds.
  path: Packages/com.unity.render-pipelines.core/Editor/Lighting/Icons/DownSnatch.png
  artifactKey: Guid(f4efccbcc00042141b8f7f63392439b5) Importer(815301076,1909f56bfc062723c751e8b465ee728b)
Start importing Packages/com.unity.render-pipelines.core/Editor/Lighting/Icons/DownSnatch.png using Guid(f4efccbcc00042141b8f7f63392439b5) Importer(815301076,1909f56bfc062723c751e8b465ee728b) (PreviewImporter)[PhysX] Initialized MultithreadedTaskDispatcher with 8 workers.
[PhysX] Initialized MultithreadedTaskDispatcher with 8 workers.
 -> (artifact id: 'b05916cf0107c946c5ed3dfbe7ed5041') in 0.0261958 seconds
Number of updated asset objects reloaded before import = 0Number of asset objects unloaded after import = 2

========================================================================
Received Import Request.
  Time since last request: 0.000050 seconds.
  path: Packages/com.unity.inputsystem/InputSystem/Editor/Icons/Dpad.png
  artifactKey: Guid(e76f0489d4db34a2fbc3532e07f2848a) Importer(815301076,1909f56bfc062723c751e8b465ee728b)
Start importing Packages/com.unity.inputsystem/InputSystem/Editor/Icons/Dpad.png using Guid(e76f0489d4db34a2fbc3532e07f2848a) Importer(815301076,1909f56bfc062723c751e8b465ee728b) (PreviewImporter)[PhysX] Initialized MultithreadedTaskDispatcher with 8 workers.
[PhysX] Initialized MultithreadedTaskDispatcher with 8 workers.
 -> (artifact id: '38c2248a0456185d054e9eaa1d484cf2') in 0.0228525 seconds
Number of updated asset objects reloaded before import = 0Number of asset objects unloaded after import = 2

========================================================================
Received Import Request.
  Time since last request: 0.073398 seconds.
  path: Packages/com.unity.inputsystem/InputSystem/Editor/Icons/Dpad@3x.png
  artifactKey: Guid(6c1147159d9dc42948601b29dfc9a40c) Importer(815301076,1909f56bfc062723c751e8b465ee728b)
Start importing Packages/com.unity.inputsystem/InputSystem/Editor/Icons/Dpad@3x.png using Guid(6c1147159d9dc42948601b29dfc9a40c) Importer(815301076,1909f56bfc062723c751e8b465ee728b) (PreviewImporter)[PhysX] Initialized MultithreadedTaskDispatcher with 8 workers.
[PhysX] Initialized MultithreadedTaskDispatcher with 8 workers.
 -> (artifact id: '2ff11d7ed8942365e8a9526ff47b5711') in 0.0259189 seconds
Number of updated asset objects reloaded before import = 0Number of asset objects unloaded after import = 2

========================================================================
Received Import Request.
  Time since last request: 3.304322 seconds.
  path: Packages/com.unity.visualeffectgraph/Editor/Templates/UI/3d_Empty.png
  artifactKey: Guid(6e3e22332cef02447956ecfdf9352294) Importer(815301076,1909f56bfc062723c751e8b465ee728b)
Start importing Packages/com.unity.visualeffectgraph/Editor/Templates/UI/3d_Empty.png using Guid(6e3e22332cef02447956ecfdf9352294) Importer(815301076,1909f56bfc062723c751e8b465ee728b) (PreviewImporter)[PhysX] Initialized MultithreadedTaskDispatcher with 8 workers.
[PhysX] Initialized MultithreadedTaskDispatcher with 8 workers.
 -> (artifact id: '9c2b9db7b44818767dfe29a6bb5458e0') in 0.0335264 seconds
Number of updated asset objects reloaded before import = 0Number of asset objects unloaded after import = 2

========================================================================
Received Import Request.
  Time since last request: 0.000036 seconds.
  path: Packages/com.unity.visualeffectgraph/Editor/Templates/UI/3d_Simple_Burst.png
  artifactKey: Guid(edc22bdb6d4484a4e87b7ff5a619008b) Importer(815301076,1909f56bfc062723c751e8b465ee728b)
Start importing Packages/com.unity.visualeffectgraph/Editor/Templates/UI/3d_Simple_Burst.png using Guid(edc22bdb6d4484a4e87b7ff5a619008b) Importer(815301076,1909f56bfc062723c751e8b465ee728b) (PreviewImporter)[PhysX] Initialized MultithreadedTaskDispatcher with 8 workers.
[PhysX] Initialized MultithreadedTaskDispatcher with 8 workers.
 -> (artifact id: '80845e9e901e9411057a23dcdb23baa6') in 0.0364269 seconds
Number of updated asset objects reloaded before import = 0Number of asset objects unloaded after import = 2

========================================================================
Received Import Request.
  Time since last request: 0.000044 seconds.
  path: Packages/com.unity.inputsystem/InputSystem/Editor/AssetEditor/Resources/personal/actionTreeBackground.png
  artifactKey: Guid(ce5f11cd993284c4f9c54f854bdc8c9c) Importer(815301076,1909f56bfc062723c751e8b465ee728b)
Start importing Packages/com.unity.inputsystem/InputSystem/Editor/AssetEditor/Resources/personal/actionTreeBackground.png using Guid(ce5f11cd993284c4f9c54f854bdc8c9c) Importer(815301076,1909f56bfc062723c751e8b465ee728b) (PreviewImporter)[PhysX] Initialized MultithreadedTaskDispatcher with 8 workers.
[PhysX] Initialized MultithreadedTaskDispatcher with 8 workers.
 -> (artifact id: '5f3deff8dbfa770a0c5d4af8fabc2cb1') in 0.0311819 seconds
Number of updated asset objects reloaded before import = 0Number of asset objects unloaded after import = 2

========================================================================
Received Import Request.
  Time since last request: 0.000032 seconds.
  path: Packages/com.unity.render-pipelines.core/Editor/Icons/RenderGraphViewer/AccelerationStructure@2x.png
  artifactKey: Guid(78c530431f09533469990aeb78f31210) Importer(815301076,1909f56bfc062723c751e8b465ee728b)
Start importing Packages/com.unity.render-pipelines.core/Editor/Icons/RenderGraphViewer/AccelerationStructure@2x.png using Guid(78c530431f09533469990aeb78f31210) Importer(815301076,1909f56bfc062723c751e8b465ee728b) (PreviewImporter)[PhysX] Initialized MultithreadedTaskDispatcher with 8 workers.
[PhysX] Initialized MultithreadedTaskDispatcher with 8 workers.
 -> (artifact id: '716dde61c84c34214dcbbf6a6caa94e0') in 0.0300209 seconds
Number of updated asset objects reloaded before import = 0Number of asset objects unloaded after import = 2

========================================================================
Received Import Request.
  Time since last request: 0.126172 seconds.
  path: Packages/com.unity.render-pipelines.core/Editor/Lighting/Icons/Advanced_Pressed_mini.png
  artifactKey: Guid(c1d870384c7ed3c49b30d01278bf3949) Importer(815301076,1909f56bfc062723c751e8b465ee728b)
Start importing Packages/com.unity.render-pipelines.core/Editor/Lighting/Icons/Advanced_Pressed_mini.png using Guid(c1d870384c7ed3c49b30d01278bf3949) Importer(815301076,1909f56bfc062723c751e8b465ee728b) (PreviewImporter)[PhysX] Initialized MultithreadedTaskDispatcher with 8 workers.
[PhysX] Initialized MultithreadedTaskDispatcher with 8 workers.
 -> (artifact id: '0ec2731472ff54ff25c7275b004fe00a') in 0.0224615 seconds
Number of updated asset objects reloaded before import = 0Number of asset objects unloaded after import = 2

========================================================================
Received Import Request.
  Time since last request: 0.000039 seconds.
  path: Packages/com.unity.visualscripting/Editor/VisualScripting.Core/IconMap/AnimatorMessageListener@32x.png
  artifactKey: Guid(9059e055aa673b3469a5c2896c0b8fb5) Importer(815301076,1909f56bfc062723c751e8b465ee728b)
Start importing Packages/com.unity.visualscripting/Editor/VisualScripting.Core/IconMap/AnimatorMessageListener@32x.png using Guid(9059e055aa673b3469a5c2896c0b8fb5) Importer(815301076,1909f56bfc062723c751e8b465ee728b) (PreviewImporter)[PhysX] Initialized MultithreadedTaskDispatcher with 8 workers.
[PhysX] Initialized MultithreadedTaskDispatcher with 8 workers.
 -> (artifact id: '0bf8dd1c74047506c333700263099ab0') in 0.0246071 seconds
Number of updated asset objects reloaded before import = 0Number of asset objects unloaded after import = 2

========================================================================
Received Import Request.
  Time since last request: 0.608076 seconds.
  path: Packages/com.unity.visualeffectgraph/Textures/SimpleSmoke.tga
  artifactKey: Guid(de0fae515169ff246a20d58a8a440ed0) Importer(815301076,1909f56bfc062723c751e8b465ee728b)
Start importing Packages/com.unity.visualeffectgraph/Textures/SimpleSmoke.tga using Guid(de0fae515169ff246a20d58a8a440ed0) Importer(815301076,1909f56bfc062723c751e8b465ee728b) (PreviewImporter)[PhysX] Initialized MultithreadedTaskDispatcher with 8 workers.
[PhysX] Initialized MultithreadedTaskDispatcher with 8 workers.
 -> (artifact id: '1ff0e559afdd59621295c8a923e4d736') in 0.0231859 seconds
Number of updated asset objects reloaded before import = 0Number of asset objects unloaded after import = 2

========================================================================
Received Import Request.
  Time since last request: 43.948658 seconds.
  path: Assets/Systems/Particle - Fire.vfx
  artifactKey: Guid(7112376b7edd5204891bf7318044a415) Importer(815301076,1909f56bfc062723c751e8b465ee728b)
Start importing Assets/Systems/Particle - Fire.vfx using Guid(7112376b7edd5204891bf7318044a415) Importer(815301076,1909f56bfc062723c751e8b465ee728b) (PreviewImporter)[PhysX] Initialized MultithreadedTaskDispatcher with 8 workers.
 -> (artifact id: '49e9bc05e90b26d73372d1bce08a133d') in 0.2687086 seconds
Number of updated asset objects reloaded before import = 0Number of asset objects unloaded after import = 12

========================================================================
Received Import Request.
  Time since last request: 7.931067 seconds.
  path: Assets/Systems/Particle - Fire.vfx
  artifactKey: Guid(7112376b7edd5204891bf7318044a415) Importer(815301076,1909f56bfc062723c751e8b465ee728b)
Start importing Assets/Systems/Particle - Fire.vfx using Guid(7112376b7edd5204891bf7318044a415) Importer(815301076,1909f56bfc062723c751e8b465ee728b) (PreviewImporter)[PhysX] Initialized MultithreadedTaskDispatcher with 8 workers.
 -> (artifact id: '50f47d08eb6b3698834284a9b0925f13') in 0.2474785 seconds
Number of updated asset objects reloaded before import = 0Number of asset objects unloaded after import = 12

========================================================================
Received Import Request.
  Time since last request: 10.152693 seconds.
  path: Assets/Systems/Particle - Fire.vfx
  artifactKey: Guid(7112376b7edd5204891bf7318044a415) Importer(815301076,1909f56bfc062723c751e8b465ee728b)
Start importing Assets/Systems/Particle - Fire.vfx using Guid(7112376b7edd5204891bf7318044a415) Importer(815301076,1909f56bfc062723c751e8b465ee728b) (PreviewImporter)[PhysX] Initialized MultithreadedTaskDispatcher with 8 workers.
 -> (artifact id: '57d3e245249e05b79871f6b1679ba990') in 0.2414718 seconds
Number of updated asset objects reloaded before import = 0Number of asset objects unloaded after import = 12

========================================================================
Received Import Request.
  Time since last request: 7.140427 seconds.
  path: Assets/Systems/Particle - Fire.vfx
  artifactKey: Guid(7112376b7edd5204891bf7318044a415) Importer(815301076,1909f56bfc062723c751e8b465ee728b)
Start importing Assets/Systems/Particle - Fire.vfx using Guid(7112376b7edd5204891bf7318044a415) Importer(815301076,1909f56bfc062723c751e8b465ee728b) (PreviewImporter)[PhysX] Initialized MultithreadedTaskDispatcher with 8 workers.
 -> (artifact id: '19939ef5a261c624738913b6d4f3eaa9') in 0.2541679 seconds
Number of updated asset objects reloaded before import = 0Number of asset objects unloaded after import = 12

========================================================================
Received Import Request.
  Time since last request: 35.391565 seconds.
  path: Assets/Systems/Particle - Fire.vfx
  artifactKey: Guid(7112376b7edd5204891bf7318044a415) Importer(815301076,1909f56bfc062723c751e8b465ee728b)
Start importing Assets/Systems/Particle - Fire.vfx using Guid(7112376b7edd5204891bf7318044a415) Importer(815301076,1909f56bfc062723c751e8b465ee728b) (PreviewImporter)[PhysX] Initialized MultithreadedTaskDispatcher with 8 workers.
 -> (artifact id: '8a93ec08d4484d616867a12d799d03ff') in 0.2643061 seconds
Number of updated asset objects reloaded before import = 0Number of asset objects unloaded after import = 12

========================================================================
Received Import Request.
  Time since last request: 18.193662 seconds.
  path: Assets/Systems/Particle - Fire.vfx
  artifactKey: Guid(7112376b7edd5204891bf7318044a415) Importer(815301076,1909f56bfc062723c751e8b465ee728b)
Start importing Assets/Systems/Particle - Fire.vfx using Guid(7112376b7edd5204891bf7318044a415) Importer(815301076,1909f56bfc062723c751e8b465ee728b) (PreviewImporter)[PhysX] Initialized MultithreadedTaskDispatcher with 8 workers.
 -> (artifact id: '17f237019395bdddaef9081d4035980a') in 0.2685269 seconds
Number of updated asset objects reloaded before import = 0Number of asset objects unloaded after import = 12

========================================================================
Received Import Request.
  Time since last request: 2.562320 seconds.
  path: Assets/Systems/Particle - Fire.vfx
  artifactKey: Guid(7112376b7edd5204891bf7318044a415) Importer(815301076,1909f56bfc062723c751e8b465ee728b)
Start importing Assets/Systems/Particle - Fire.vfx using Guid(7112376b7edd5204891bf7318044a415) Importer(815301076,1909f56bfc062723c751e8b465ee728b) (PreviewImporter)[PhysX] Initialized MultithreadedTaskDispatcher with 8 workers.
 -> (artifact id: 'b74beb3bbf011852c1a042f0aba5adc2') in 0.2356569 seconds
Number of updated asset objects reloaded before import = 0Number of asset objects unloaded after import = 12

========================================================================
Received Import Request.
  Time since last request: 17.623992 seconds.
  path: Assets/Systems/Particle - Fire.vfx
  artifactKey: Guid(7112376b7edd5204891bf7318044a415) Importer(815301076,1909f56bfc062723c751e8b465ee728b)
Start importing Assets/Systems/Particle - Fire.vfx using Guid(7112376b7edd5204891bf7318044a415) Importer(815301076,1909f56bfc062723c751e8b465ee728b) (PreviewImporter)[PhysX] Initialized MultithreadedTaskDispatcher with 8 workers.
 -> (artifact id: '1836228dce47cd89d1bb64f93f3d1ca1') in 0.2685606 seconds
Number of updated asset objects reloaded before import = 0Number of asset objects unloaded after import = 12

========================================================================
Received Import Request.
  Time since last request: 67.416293 seconds.
  path: Assets/Systems/Particle - Fire.vfx
  artifactKey: Guid(7112376b7edd5204891bf7318044a415) Importer(815301076,1909f56bfc062723c751e8b465ee728b)
Start importing Assets/Systems/Particle - Fire.vfx using Guid(7112376b7edd5204891bf7318044a415) Importer(815301076,1909f56bfc062723c751e8b465ee728b) (PreviewImporter)[PhysX] Initialized MultithreadedTaskDispatcher with 8 workers.
 -> (artifact id: '22215112e45a78368372e0162e389606') in 0.2276002 seconds
Number of updated asset objects reloaded before import = 0Number of asset objects unloaded after import = 12

========================================================================
Received Import Request.
  Time since last request: 22.238013 seconds.
  path: Assets/Systems/Particle - Fire.vfx
  artifactKey: Guid(7112376b7edd5204891bf7318044a415) Importer(815301076,1909f56bfc062723c751e8b465ee728b)
Start importing Assets/Systems/Particle - Fire.vfx using Guid(7112376b7edd5204891bf7318044a415) Importer(815301076,1909f56bfc062723c751e8b465ee728b) (PreviewImporter)[PhysX] Initialized MultithreadedTaskDispatcher with 8 workers.
 -> (artifact id: '69e6cfdf14d8b13651be9feccc18d8fd') in 0.2494006 seconds
Number of updated asset objects reloaded before import = 0Number of asset objects unloaded after import = 12

========================================================================
Received Import Request.
  Time since last request: 76.514690 seconds.
  path: Assets/Systems/Particle - Fire.vfx
  artifactKey: Guid(7112376b7edd5204891bf7318044a415) Importer(815301076,1909f56bfc062723c751e8b465ee728b)
Start importing Assets/Systems/Particle - Fire.vfx using Guid(7112376b7edd5204891bf7318044a415) Importer(815301076,1909f56bfc062723c751e8b465ee728b) (PreviewImporter)[PhysX] Initialized MultithreadedTaskDispatcher with 8 workers.
 -> (artifact id: '0be3247603d5d0bd975628c92f2582d9') in 0.2721963 seconds
Number of updated asset objects reloaded before import = 0Number of asset objects unloaded after import = 12

========================================================================
Received Import Request.
  Time since last request: 3.636429 seconds.
  path: Assets/Systems/Particle - Fire.vfx
  artifactKey: Guid(7112376b7edd5204891bf7318044a415) Importer(815301076,1909f56bfc062723c751e8b465ee728b)
Start importing Assets/Systems/Particle - Fire.vfx using Guid(7112376b7edd5204891bf7318044a415) Importer(815301076,1909f56bfc062723c751e8b465ee728b) (PreviewImporter)[PhysX] Initialized MultithreadedTaskDispatcher with 8 workers.
 -> (artifact id: 'ca1c13206538458351fae60aa374c4c2') in 0.2615071 seconds
Number of updated asset objects reloaded before import = 0Number of asset objects unloaded after import = 12

========================================================================
Received Import Request.
  Time since last request: 153.698032 seconds.
  path: Assets/Systems/Particle - Fire.vfx
  artifactKey: Guid(7112376b7edd5204891bf7318044a415) Importer(815301076,1909f56bfc062723c751e8b465ee728b)
Start importing Assets/Systems/Particle - Fire.vfx using Guid(7112376b7edd5204891bf7318044a415) Importer(815301076,1909f56bfc062723c751e8b465ee728b) (PreviewImporter)[PhysX] Initialized MultithreadedTaskDispatcher with 8 workers.
 -> (artifact id: 'e0a060807a5cf065b047cdfa24e666f4') in 0.2626073 seconds
Number of updated asset objects reloaded before import = 0Number of asset objects unloaded after import = 12

========================================================================
Received Import Request.
  Time since last request: 61.882320 seconds.
  path: Assets/Systems/Particle - Fire.vfx
  artifactKey: Guid(7112376b7edd5204891bf7318044a415) Importer(815301076,1909f56bfc062723c751e8b465ee728b)
Start importing Assets/Systems/Particle - Fire.vfx using Guid(7112376b7edd5204891bf7318044a415) Importer(815301076,1909f56bfc062723c751e8b465ee728b) (PreviewImporter)[PhysX] Initialized MultithreadedTaskDispatcher with 8 workers.
 -> (artifact id: '6a7b1e6b052b30b4c57695f3debe807a') in 0.2582511 seconds
Number of updated asset objects reloaded before import = 0Number of asset objects unloaded after import = 12

========================================================================
Received Import Request.
  Time since last request: 18.903131 seconds.
  path: Assets/Systems/Particle - Fire.vfx
  artifactKey: Guid(7112376b7edd5204891bf7318044a415) Importer(815301076,1909f56bfc062723c751e8b465ee728b)
Start importing Assets/Systems/Particle - Fire.vfx using Guid(7112376b7edd5204891bf7318044a415) Importer(815301076,1909f56bfc062723c751e8b465ee728b) (PreviewImporter)[PhysX] Initialized MultithreadedTaskDispatcher with 8 workers.
 -> (artifact id: 'a3000d517f865d94a69801310ae1d597') in 0.2255057 seconds
Number of updated asset objects reloaded before import = 0Number of asset objects unloaded after import = 12

========================================================================
Received Import Request.
  Time since last request: 3.437044 seconds.
  path: Assets/Systems/Particle - Fire.vfx
  artifactKey: Guid(7112376b7edd5204891bf7318044a415) Importer(815301076,1909f56bfc062723c751e8b465ee728b)
Start importing Assets/Systems/Particle - Fire.vfx using Guid(7112376b7edd5204891bf7318044a415) Importer(815301076,1909f56bfc062723c751e8b465ee728b) (PreviewImporter)[PhysX] Initialized MultithreadedTaskDispatcher with 8 workers.
 -> (artifact id: '96638f3e54f818c53915d422dff22f61') in 0.2631191 seconds
Number of updated asset objects reloaded before import = 0Number of asset objects unloaded after import = 12

========================================================================
Received Import Request.
  Time since last request: 7.179929 seconds.
  path: Assets/Systems/Particle - Fire.vfx
  artifactKey: Guid(7112376b7edd5204891bf7318044a415) Importer(815301076,1909f56bfc062723c751e8b465ee728b)
Start importing Assets/Systems/Particle - Fire.vfx using Guid(7112376b7edd5204891bf7318044a415) Importer(815301076,1909f56bfc062723c751e8b465ee728b) (PreviewImporter)[PhysX] Initialized MultithreadedTaskDispatcher with 8 workers.
 -> (artifact id: '010002b46300922e5efa97115bc90c2b') in 0.235968 seconds
Number of updated asset objects reloaded before import = 0Number of asset objects unloaded after import = 12

========================================================================
Received Import Request.
  Time since last request: 192.084586 seconds.
  path: Assets/Systems/Particle - Fire.vfx
  artifactKey: Guid(7112376b7edd5204891bf7318044a415) Importer(815301076,1909f56bfc062723c751e8b465ee728b)
Start importing Assets/Systems/Particle - Fire.vfx using Guid(7112376b7edd5204891bf7318044a415) Importer(815301076,1909f56bfc062723c751e8b465ee728b) (PreviewImporter)[PhysX] Initialized MultithreadedTaskDispatcher with 8 workers.
 -> (artifact id: 'bf08e8dc7473c19b06f376dda77b4e3f') in 0.2488248 seconds
Number of updated asset objects reloaded before import = 0Number of asset objects unloaded after import = 12

