Using pre-set license
Built from 'trunk' branch; Version is '6000.0.19f1 (302b264628f9) revision 3156774'; Using compiler version '193933523'; Build Type 'Release'
OS: 'Windows 11  (10.0.22000) 64bit Core' Language: 'en' Physical Memory: 14188 MB
BatchMode: 1, IsHumanControllingUs: 0, StartBugReporterOnCrash: 0, Is64bit: 1, IsPro: 1

COMMAND LINE ARGUMENTS:
C:\Program Files\Unity\Hub\Editor\6000.0.19f1\Editor\Unity.exe
-adb2
-batchMode
-noUpm
-name
AssetImportWorker0
-projectPath
C:/Users/Nicole/Documents/GitHub/SyntacticVFXSystem/MagicVFXSandbox
-logFile
Logs/AssetImportWorker0.log
-srvPort
56406
-job-worker-count
7
-background-job-worker-count
8
-asset-garbage-collectors
1
Successfully changed project path to: C:/Users/Nicole/Documents/GitHub/SyntacticVFXSystem/MagicVFXSandbox
C:/Users/Nicole/Documents/GitHub/SyntacticVFXSystem/MagicVFXSandbox
[UnityMemory] Configuration Parameters - Can be set up in boot.config
    "memorysetup-bucket-allocator-granularity=16"
    "memorysetup-bucket-allocator-bucket-count=8"
    "memorysetup-bucket-allocator-block-size=33554432"
    "memorysetup-bucket-allocator-block-count=8"
    "memorysetup-main-allocator-block-size=16777216"
    "memorysetup-thread-allocator-block-size=16777216"
    "memorysetup-gfx-main-allocator-block-size=16777216"
    "memorysetup-gfx-thread-allocator-block-size=16777216"
    "memorysetup-cache-allocator-block-size=4194304"
    "memorysetup-typetree-allocator-block-size=2097152"
    "memorysetup-profiler-bucket-allocator-granularity=16"
    "memorysetup-profiler-bucket-allocator-bucket-count=8"
    "memorysetup-profiler-bucket-allocator-block-size=33554432"
    "memorysetup-profiler-bucket-allocator-block-count=8"
    "memorysetup-profiler-allocator-block-size=16777216"
    "memorysetup-profiler-editor-allocator-block-size=1048576"
    "memorysetup-temp-allocator-size-main=16777216"
    "memorysetup-job-temp-allocator-block-size=2097152"
    "memorysetup-job-temp-allocator-block-size-background=1048576"
    "memorysetup-job-temp-allocator-reduction-small-platforms=262144"
    "memorysetup-allocator-temp-initial-block-size-main=262144"
    "memorysetup-allocator-temp-initial-block-size-worker=262144"
    "memorysetup-temp-allocator-size-background-worker=32768"
    "memorysetup-temp-allocator-size-job-worker=262144"
    "memorysetup-temp-allocator-size-preload-manager=33554432"
    "memorysetup-temp-allocator-size-nav-mesh-worker=65536"
    "memorysetup-temp-allocator-size-audio-worker=65536"
    "memorysetup-temp-allocator-size-cloud-worker=32768"
    "memorysetup-temp-allocator-size-gi-baking-worker=262144"
    "memorysetup-temp-allocator-size-gi-baking-worker=262144"
    "memorysetup-temp-allocator-size-gi-baking-worker=262144"
    "memorysetup-temp-allocator-size-gi-baking-worker=262144"
    "memorysetup-temp-allocator-size-gi-baking-worker=262144"
    "memorysetup-temp-allocator-size-gfx=262144"
Player connection [27980]  Target information:

Player connection [27980]  * "[IP] 100.79.137.8 [Port] 0 [Flags] 2 [Guid] 720150483 [EditorId] 720150483 [Version] 1048832 [Id] WindowsEditor(7,LAPTOP-QE6QBF5L) [Debug] 1 [PackageName] WindowsEditor [ProjectName] Editor" 

Player connection [27980]  * "[IP] 192.168.4.51 [Port] 0 [Flags] 2 [Guid] 720150483 [EditorId] 720150483 [Version] 1048832 [Id] WindowsEditor(7,LAPTOP-QE6QBF5L) [Debug] 1 [PackageName] WindowsEditor [ProjectName] Editor" 

Player connection [27980] Host joined multi-casting on [225.0.0.222:54997]...
Player connection [27980] Host joined alternative multi-casting on [225.0.0.222:34997]...
JobSystem: Creating JobQueue using job-worker-count value 7
Library Redirect Path: Library/
[PhysX] Initialized MultithreadedTaskDispatcher with 8 workers.
Refreshing native plugins compatible for Editor in 3.36 ms, found 4 plugins.
Preloading 0 native plugins for Editor in 0.00 ms.
Initialize engine version: 6000.0.19f1 (302b264628f9)
[Subsystems] Discovering subsystems at path C:/Program Files/Unity/Hub/Editor/6000.0.19f1/Editor/Data/Resources/UnitySubsystems
[Subsystems] Discovering subsystems at path C:/Users/Nicole/Documents/GitHub/SyntacticVFXSystem/MagicVFXSandbox/Assets
GfxDevice: creating device client; kGfxThreadingModeNonThreaded
Direct3D:
    Version:  Direct3D 11.0 [level 11.1]
    Renderer: NVIDIA GeForce RTX 3070 Laptop GPU (ID=0x24dd)
    Vendor:   NVIDIA
    VRAM:     8018 MB
    Driver:   32.0.15.9144
Initialize mono
Mono path[0] = 'C:/Program Files/Unity/Hub/Editor/6000.0.19f1/Editor/Data/Managed'
Mono path[1] = 'C:/Program Files/Unity/Hub/Editor/6000.0.19f1/Editor/Data/MonoBleedingEdge/lib/mono/unityjit-win32'
Mono config path = 'C:/Program Files/Unity/Hub/Editor/6000.0.19f1/Editor/Data/MonoBleedingEdge/etc'
Using monoOptions --debugger-agent=transport=dt_socket,embedding=1,server=y,suspend=n,address=127.0.0.1:56680
Begin MonoManager ReloadAssembly
Registering precompiled unity dll's ...
Register platform support module: C:/Program Files/Unity/Hub/Editor/6000.0.19f1/Editor/Data/PlaybackEngines/WindowsStandaloneSupport/UnityEditor.WindowsStandalone.Extensions.dll
Registered in 0.004484 seconds.
- Loaded All Assemblies, in  0.576 seconds
Native extension for WindowsStandalone target not found
Mono: successfully reloaded assembly
- Finished resetting the current domain, in  0.391 seconds
Domain Reload Profiling: 966ms
	BeginReloadAssembly (271ms)
		ExecutionOrderSort (0ms)
		DisableScriptedObjects (0ms)
		BackupInstance (0ms)
		ReleaseScriptingObjects (0ms)
		CreateAndSetChildDomain (2ms)
	RebuildCommonClasses (47ms)
	RebuildNativeTypeToScriptingClass (12ms)
	initialDomainReloadingComplete (67ms)
	LoadAllAssembliesAndSetupDomain (177ms)
		LoadAssemblies (264ms)
		RebuildTransferFunctionScriptingTraits (0ms)
		AnalyzeDomain (174ms)
			TypeCache.Refresh (172ms)
				TypeCache.ScanAssembly (156ms)
			BuildScriptInfoCaches (0ms)
			ResolveRequiredComponents (1ms)
	FinalizeReload (392ms)
		ReleaseScriptCaches (0ms)
		RebuildScriptCaches (0ms)
		SetupLoadedEditorAssemblies (336ms)
			LogAssemblyErrors (0ms)
			InitializePlatformSupportModulesInManaged (26ms)
			SetLoadedEditorAssemblies (4ms)
			BeforeProcessingInitializeOnLoad (8ms)
			ProcessInitializeOnLoadAttributes (219ms)
			ProcessInitializeOnLoadMethodAttributes (75ms)
			AfterProcessingInitializeOnLoad (3ms)
			EditorAssembliesLoaded (0ms)
		ExecutionOrderSort2 (0ms)
		AwakeInstancesAfterBackupRestoration (0ms)
Assembly reference Packages/com.unity.entities/Unity.Scenes.Editor/Internals/Properties/Unity.Properties.Internals.asmref has no target assembly definition
========================================================================
Worker process is ready to serve import requests
Import Worker Mode flag is 0x00
Assembly reference Packages/com.unity.entities/Unity.Scenes.Editor/Internals/Properties/Unity.Properties.Internals.asmref has no target assembly definition
Assembly reference Packages/com.unity.entities/Unity.Scenes.Editor/Internals/Properties/Unity.Properties.Internals.asmref has no target assembly definition
Begin MonoManager ReloadAssembly
- Loaded All Assemblies, in  1.987 seconds
Assembly reference Packages/com.unity.entities/Unity.Scenes.Editor/Internals/Properties/Unity.Properties.Internals.asmref has no target assembly definition
Refreshing native plugins compatible for Editor in 1.16 ms, found 4 plugins.
Native extension for WindowsStandalone target not found
Assembly reference Packages/com.unity.entities/Unity.Scenes.Editor/Internals/Properties/Unity.Properties.Internals.asmref has no target assembly definition
TypeManager.Initialize took: 441ms
Package Manager log level set to [2]
[Package Manager] Failed to launch server process. Reason: Unity was launched with the -noUpm command-line argument
[Package Manager] Unable to send message (not connected to server process).
[Package Manager] Cannot connect to Unity Package Manager local server
Mono: successfully reloaded assembly
- Finished resetting the current domain, in  2.005 seconds
Domain Reload Profiling: 3985ms
	BeginReloadAssembly (831ms)
		ExecutionOrderSort (0ms)
		DisableScriptedObjects (6ms)
		BackupInstance (0ms)
		ReleaseScriptingObjects (0ms)
		CreateAndSetChildDomain (50ms)
	RebuildCommonClasses (38ms)
	RebuildNativeTypeToScriptingClass (12ms)
	initialDomainReloadingComplete (47ms)
	LoadAllAssembliesAndSetupDomain (1052ms)
		LoadAssemblies (666ms)
		RebuildTransferFunctionScriptingTraits (0ms)
		AnalyzeDomain (517ms)
			TypeCache.Refresh (377ms)
				TypeCache.ScanAssembly (352ms)
			BuildScriptInfoCaches (124ms)
			ResolveRequiredComponents (12ms)
	FinalizeReload (2006ms)
		ReleaseScriptCaches (0ms)
		RebuildScriptCaches (0ms)
		SetupLoadedEditorAssemblies (1504ms)
			LogAssemblyErrors (0ms)
			InitializePlatformSupportModulesInManaged (3ms)
			SetLoadedEditorAssemblies (9ms)
			BeforeProcessingInitializeOnLoad (255ms)
			ProcessInitializeOnLoadAttributes (1051ms)
			ProcessInitializeOnLoadMethodAttributes (178ms)
			AfterProcessingInitializeOnLoad (8ms)
			EditorAssembliesLoaded (0ms)
		ExecutionOrderSort2 (0ms)
		AwakeInstancesAfterBackupRestoration (6ms)
Launched and connected shader compiler UnityShaderCompiler.exe after 0.02 seconds
Refreshing native plugins compatible for Editor in 4.25 ms, found 4 plugins.
Preloading 0 native plugins for Editor in 0.00 ms.
Unloading 234 Unused Serialized files (Serialized files now loaded: 0)
Unloading 8614 unused Assets / (5.9 MB). Loaded Objects now: 9410.
Memory consumption went from 214.3 MB to 208.4 MB.
Total: 26.477800 ms (FindLiveObjects: 2.580800 ms CreateObjectMapping: 3.004200 ms MarkObjects: 15.054200 ms  DeleteObjects: 5.833900 ms)

========================================================================
Received Import Request.
  Time since last request: 525846.020285 seconds.
  path: Assets/Systems/Base_Head_Lightning.vfx
  artifactKey: Guid(7a880d6a05a28344a81011669fb02ab9) Importer(815301076,1909f56bfc062723c751e8b465ee728b)
Start importing Assets/Systems/Base_Head_Lightning.vfx using Guid(7a880d6a05a28344a81011669fb02ab9) Importer(815301076,1909f56bfc062723c751e8b465ee728b) (PreviewImporter)[PhysX] Initialized MultithreadedTaskDispatcher with 8 workers.
 -> (artifact id: 'e00e9197f307ff58f859bfc8206640c6') in 0.087873 seconds
Number of updated asset objects reloaded before import = 3Number of asset objects unloaded after import = 14

========================================================================
Received Import Request.
  Time since last request: 66.661019 seconds.
  path: Assets/Systems/Base_Head_Lightning.vfx
  artifactKey: Guid(7a880d6a05a28344a81011669fb02ab9) Importer(815301076,1909f56bfc062723c751e8b465ee728b)
Start importing Assets/Systems/Base_Head_Lightning.vfx using Guid(7a880d6a05a28344a81011669fb02ab9) Importer(815301076,1909f56bfc062723c751e8b465ee728b) (PreviewImporter)[PhysX] Initialized MultithreadedTaskDispatcher with 8 workers.
 -> (artifact id: '64060c83111fbbe79ca288d3a6a44292') in 0.022945 seconds
Number of updated asset objects reloaded before import = 3Number of asset objects unloaded after import = 14

========================================================================
Received Import Request.
  Time since last request: 10.285644 seconds.
  path: Assets/Systems/Base_Head_Lightning.vfx
  artifactKey: Guid(7a880d6a05a28344a81011669fb02ab9) Importer(815301076,1909f56bfc062723c751e8b465ee728b)
Start importing Assets/Systems/Base_Head_Lightning.vfx using Guid(7a880d6a05a28344a81011669fb02ab9) Importer(815301076,1909f56bfc062723c751e8b465ee728b) (PreviewImporter)[PhysX] Initialized MultithreadedTaskDispatcher with 8 workers.
 -> (artifact id: '64de515a01dc0ebcd0cb37d31d60e3e2') in 0.0183611 seconds
Number of updated asset objects reloaded before import = 3Number of asset objects unloaded after import = 14

========================================================================
Received Import Request.
  Time since last request: 2.387202 seconds.
  path: Assets/Systems/Base_Head_Lightning.vfx
  artifactKey: Guid(7a880d6a05a28344a81011669fb02ab9) Importer(815301076,1909f56bfc062723c751e8b465ee728b)
Start importing Assets/Systems/Base_Head_Lightning.vfx using Guid(7a880d6a05a28344a81011669fb02ab9) Importer(815301076,1909f56bfc062723c751e8b465ee728b) (PreviewImporter)[PhysX] Initialized MultithreadedTaskDispatcher with 8 workers.
 -> (artifact id: '84936c060876667193e4eb3f56c15bd8') in 0.0174809 seconds
Number of updated asset objects reloaded before import = 3Number of asset objects unloaded after import = 14

========================================================================
Received Import Request.
  Time since last request: 213.135843 seconds.
  path: Assets/Systems/Base_Head_Lightning.vfx
  artifactKey: Guid(7a880d6a05a28344a81011669fb02ab9) Importer(815301076,1909f56bfc062723c751e8b465ee728b)
Start importing Assets/Systems/Base_Head_Lightning.vfx using Guid(7a880d6a05a28344a81011669fb02ab9) Importer(815301076,1909f56bfc062723c751e8b465ee728b) (PreviewImporter)[PhysX] Initialized MultithreadedTaskDispatcher with 8 workers.
 -> (artifact id: '074733f1031a2d0a6139c62753df0ba3') in 0.0193867 seconds
Number of updated asset objects reloaded before import = 3Number of asset objects unloaded after import = 14

========================================================================
Received Import Request.
  Time since last request: 25.805122 seconds.
  path: Assets/Systems/Base_Head_Lightning.vfx
  artifactKey: Guid(7a880d6a05a28344a81011669fb02ab9) Importer(815301076,1909f56bfc062723c751e8b465ee728b)
Start importing Assets/Systems/Base_Head_Lightning.vfx using Guid(7a880d6a05a28344a81011669fb02ab9) Importer(815301076,1909f56bfc062723c751e8b465ee728b) (PreviewImporter)[PhysX] Initialized MultithreadedTaskDispatcher with 8 workers.
 -> (artifact id: '102d22e1e13f3880d33ab4e63559befa') in 0.0136664 seconds
Number of updated asset objects reloaded before import = 3Number of asset objects unloaded after import = 14

========================================================================
Received Import Request.
  Time since last request: 3.022862 seconds.
  path: Assets/Systems/Base_Head_Lightning.vfx
  artifactKey: Guid(7a880d6a05a28344a81011669fb02ab9) Importer(815301076,1909f56bfc062723c751e8b465ee728b)
Start importing Assets/Systems/Base_Head_Lightning.vfx using Guid(7a880d6a05a28344a81011669fb02ab9) Importer(815301076,1909f56bfc062723c751e8b465ee728b) (PreviewImporter)[PhysX] Initialized MultithreadedTaskDispatcher with 8 workers.
 -> (artifact id: 'a27456b2fad14a7f6eda8fbbaab257a8') in 0.0128393 seconds
Number of updated asset objects reloaded before import = 3Number of asset objects unloaded after import = 14

========================================================================
Received Import Request.
  Time since last request: 97.304459 seconds.
  path: Assets/Systems/Base_Head_Lightning.vfx
  artifactKey: Guid(7a880d6a05a28344a81011669fb02ab9) Importer(815301076,1909f56bfc062723c751e8b465ee728b)
Start importing Assets/Systems/Base_Head_Lightning.vfx using Guid(7a880d6a05a28344a81011669fb02ab9) Importer(815301076,1909f56bfc062723c751e8b465ee728b) (PreviewImporter)[PhysX] Initialized MultithreadedTaskDispatcher with 8 workers.
 -> (artifact id: 'a08499727253de74b37dffce36280c97') in 0.0197419 seconds
Number of updated asset objects reloaded before import = 3Number of asset objects unloaded after import = 14

========================================================================
Received Import Request.
  Time since last request: 64.831891 seconds.
  path: Assets/Systems/Base_Head_Lightning.vfx
  artifactKey: Guid(7a880d6a05a28344a81011669fb02ab9) Importer(815301076,1909f56bfc062723c751e8b465ee728b)
Start importing Assets/Systems/Base_Head_Lightning.vfx using Guid(7a880d6a05a28344a81011669fb02ab9) Importer(815301076,1909f56bfc062723c751e8b465ee728b) (PreviewImporter)[PhysX] Initialized MultithreadedTaskDispatcher with 8 workers.
 -> (artifact id: '290d79e8b25fe67d41f0b4a90c629392') in 0.0206343 seconds
Number of updated asset objects reloaded before import = 3Number of asset objects unloaded after import = 14

========================================================================
Received Import Request.
  Time since last request: 39.398821 seconds.
  path: Assets/Systems/Base_Head_Lightning.vfx
  artifactKey: Guid(7a880d6a05a28344a81011669fb02ab9) Importer(815301076,1909f56bfc062723c751e8b465ee728b)
Start importing Assets/Systems/Base_Head_Lightning.vfx using Guid(7a880d6a05a28344a81011669fb02ab9) Importer(815301076,1909f56bfc062723c751e8b465ee728b) (PreviewImporter)[PhysX] Initialized MultithreadedTaskDispatcher with 8 workers.
 -> (artifact id: '7ac2b27148373a65d2314766c19ae658') in 0.0194983 seconds
Number of updated asset objects reloaded before import = 3Number of asset objects unloaded after import = 14

========================================================================
Received Import Request.
  Time since last request: 2.173479 seconds.
  path: Assets/Systems/Base_Head_Lightning.vfx
  artifactKey: Guid(7a880d6a05a28344a81011669fb02ab9) Importer(815301076,1909f56bfc062723c751e8b465ee728b)
Start importing Assets/Systems/Base_Head_Lightning.vfx using Guid(7a880d6a05a28344a81011669fb02ab9) Importer(815301076,1909f56bfc062723c751e8b465ee728b) (PreviewImporter)[PhysX] Initialized MultithreadedTaskDispatcher with 8 workers.
 -> (artifact id: '7b19c1b3f4d402111aaf95237d7c9ac6') in 0.0257578 seconds
Number of updated asset objects reloaded before import = 3Number of asset objects unloaded after import = 14

========================================================================
Received Import Request.
  Time since last request: 14.041262 seconds.
  path: Assets/Systems/Base_Head_Lightning.vfx
  artifactKey: Guid(7a880d6a05a28344a81011669fb02ab9) Importer(815301076,1909f56bfc062723c751e8b465ee728b)
Start importing Assets/Systems/Base_Head_Lightning.vfx using Guid(7a880d6a05a28344a81011669fb02ab9) Importer(815301076,1909f56bfc062723c751e8b465ee728b) (PreviewImporter)[PhysX] Initialized MultithreadedTaskDispatcher with 8 workers.
 -> (artifact id: '11975c6256f239f8f259d1930e9a07db') in 0.0214917 seconds
Number of updated asset objects reloaded before import = 3Number of asset objects unloaded after import = 14

========================================================================
Received Import Request.
  Time since last request: 32.194790 seconds.
  path: Assets/Systems/Base_Head_Lightning.vfx
  artifactKey: Guid(7a880d6a05a28344a81011669fb02ab9) Importer(815301076,1909f56bfc062723c751e8b465ee728b)
Start importing Assets/Systems/Base_Head_Lightning.vfx using Guid(7a880d6a05a28344a81011669fb02ab9) Importer(815301076,1909f56bfc062723c751e8b465ee728b) (PreviewImporter)[PhysX] Initialized MultithreadedTaskDispatcher with 8 workers.
 -> (artifact id: 'eddc8e024977f54f93a83e8c0969ac61') in 0.0185483 seconds
Number of updated asset objects reloaded before import = 3Number of asset objects unloaded after import = 14

========================================================================
Received Import Request.
  Time since last request: 33.403320 seconds.
  path: Assets/Systems/Base_Head_Lightning.vfx
  artifactKey: Guid(7a880d6a05a28344a81011669fb02ab9) Importer(815301076,1909f56bfc062723c751e8b465ee728b)
Start importing Assets/Systems/Base_Head_Lightning.vfx using Guid(7a880d6a05a28344a81011669fb02ab9) Importer(815301076,1909f56bfc062723c751e8b465ee728b) (PreviewImporter)[PhysX] Initialized MultithreadedTaskDispatcher with 8 workers.
 -> (artifact id: '8b8110b76de491306227c7e597d9348b') in 0.0337107 seconds
Number of updated asset objects reloaded before import = 3Number of asset objects unloaded after import = 19

========================================================================
Received Import Request.
  Time since last request: 8.033308 seconds.
  path: Assets/Systems/Base_Head_Lightning.vfx
  artifactKey: Guid(7a880d6a05a28344a81011669fb02ab9) Importer(815301076,1909f56bfc062723c751e8b465ee728b)
Start importing Assets/Systems/Base_Head_Lightning.vfx using Guid(7a880d6a05a28344a81011669fb02ab9) Importer(815301076,1909f56bfc062723c751e8b465ee728b) (PreviewImporter)[PhysX] Initialized MultithreadedTaskDispatcher with 8 workers.
 -> (artifact id: 'b96b97e8129eb15b28a92532135f57a9') in 0.0301157 seconds
Number of updated asset objects reloaded before import = 3Number of asset objects unloaded after import = 19

========================================================================
Received Import Request.
  Time since last request: 15.200032 seconds.
  path: Assets/Systems/Base_Head_Lightning.vfx
  artifactKey: Guid(7a880d6a05a28344a81011669fb02ab9) Importer(815301076,1909f56bfc062723c751e8b465ee728b)
Start importing Assets/Systems/Base_Head_Lightning.vfx using Guid(7a880d6a05a28344a81011669fb02ab9) Importer(815301076,1909f56bfc062723c751e8b465ee728b) (PreviewImporter)[PhysX] Initialized MultithreadedTaskDispatcher with 8 workers.
 -> (artifact id: '99f63d51019072b9bef135baec63a183') in 0.023969 seconds
Number of updated asset objects reloaded before import = 3Number of asset objects unloaded after import = 19

========================================================================
Received Import Request.
  Time since last request: 85.623324 seconds.
  path: Assets/Systems/Base_Head_Lightning.vfx
  artifactKey: Guid(7a880d6a05a28344a81011669fb02ab9) Importer(815301076,1909f56bfc062723c751e8b465ee728b)
Start importing Assets/Systems/Base_Head_Lightning.vfx using Guid(7a880d6a05a28344a81011669fb02ab9) Importer(815301076,1909f56bfc062723c751e8b465ee728b) (PreviewImporter)[PhysX] Initialized MultithreadedTaskDispatcher with 8 workers.
 -> (artifact id: '94a023b2c42d53fe957fcbcf3f5442e7') in 0.0311022 seconds
Number of updated asset objects reloaded before import = 3Number of asset objects unloaded after import = 19

========================================================================
Received Import Request.
  Time since last request: 329.438875 seconds.
  path: Assets/Systems/Base_Head_Lightning.vfx
  artifactKey: Guid(7a880d6a05a28344a81011669fb02ab9) Importer(815301076,1909f56bfc062723c751e8b465ee728b)
Start importing Assets/Systems/Base_Head_Lightning.vfx using Guid(7a880d6a05a28344a81011669fb02ab9) Importer(815301076,1909f56bfc062723c751e8b465ee728b) (PreviewImporter)[PhysX] Initialized MultithreadedTaskDispatcher with 8 workers.
 -> (artifact id: '308fd841179f46dc304c137b38918abc') in 0.0552007 seconds
Number of updated asset objects reloaded before import = 3Number of asset objects unloaded after import = 19

========================================================================
Received Import Request.
  Time since last request: 7.369275 seconds.
  path: Assets/Systems/Base_Head_Lightning.vfx
  artifactKey: Guid(7a880d6a05a28344a81011669fb02ab9) Importer(815301076,1909f56bfc062723c751e8b465ee728b)
Start importing Assets/Systems/Base_Head_Lightning.vfx using Guid(7a880d6a05a28344a81011669fb02ab9) Importer(815301076,1909f56bfc062723c751e8b465ee728b) (PreviewImporter)[PhysX] Initialized MultithreadedTaskDispatcher with 8 workers.
 -> (artifact id: 'b425cf23d01c9e8b9149274618e01be3') in 0.0454424 seconds
Number of updated asset objects reloaded before import = 3Number of asset objects unloaded after import = 19

========================================================================
Received Import Request.
  Time since last request: 40.830629 seconds.
  path: Assets/Systems/Base_Head_Lightning.vfx
  artifactKey: Guid(7a880d6a05a28344a81011669fb02ab9) Importer(815301076,1909f56bfc062723c751e8b465ee728b)
Start importing Assets/Systems/Base_Head_Lightning.vfx using Guid(7a880d6a05a28344a81011669fb02ab9) Importer(815301076,1909f56bfc062723c751e8b465ee728b) (PreviewImporter)[PhysX] Initialized MultithreadedTaskDispatcher with 8 workers.
 -> (artifact id: 'c530ab38e44522e27b2ba4d88a5e451c') in 0.0711122 seconds
Number of updated asset objects reloaded before import = 3Number of asset objects unloaded after import = 19

